TN:
SF:src/index.ts
FN:70,(anonymous_9)
FN:71,(anonymous_10)
FN:72,(anonymous_11)
FN:80,conventionalCommit
FN:85,(anonymous_13)
FNF:5
FNH:4
FNDA:6,(anonymous_9)
FNDA:6,(anonymous_10)
FNDA:6,(anonymous_11)
FNDA:2,conventionalCommit
FNDA:0,(anonymous_13)
DA:1,1
DA:2,1
DA:18,1
DA:20,1
DA:34,1
DA:70,1
DA:71,6
DA:72,6
DA:73,6
DA:74,5
DA:75,5
DA:80,1
DA:81,2
DA:82,2
DA:84,2
DA:85,2
DA:86,2
DA:87,2
DA:88,1
DA:90,1
LF:20
LH:20
BRDA:70,0,0,0
BRDA:73,1,0,1
BRDA:74,2,0,0
BRDA:86,3,0,2
BRF:4
BRH:2
end_of_record
